<?xml version="1.0" encoding="UTF-8"?>
<testsuite name="Compra de productos" tests="5" skipped="0" failures="4" errors="0" timestamp="2022-04-07T22:40:29" hostname="DESKTOP-6KEC16J" time="216.57">
  <properties/>
  <testcase name="Iniciar sesion" classname="Compra de productos" time="75.902"/>
  <testcase name="Probar metodo de pago por cuotas #1" classname="Compra de productos" time="27.24">
    <failure message="org.openqa.selenium.ElementClickInterceptedException: element click intercepted: Element is not clickable at point (1197, 821)&#10;  (Session info: chrome=100.0.4896.75)&#10;Build info: version: '4.1.2', revision: '9a5a329c5a'&#10;System info: host: 'DESKTOP-6KEC16J', ip: '192.168.56.1', os.name: 'Windows 10', os.arch: 'amd64', os.version: '10.0', java.version: '15.0.2'&#10;Driver info: org.openqa.selenium.chrome.ChromeDriver&#10;Command: [7d0aff37978d370eede26e699d069f69, clickElement {id=d0bd1004-489e-427c-97a2-44923e947807}]&#10;Capabilities {acceptInsecureCerts: false, browserName: chrome, browserVersion: 100.0.4896.75, chrome: {chromedriverVersion: 100.0.4896.60 (6a5d10861ce8..., userDataDir: C:\Users\eduar\AppData\Loca...}, goog:chromeOptions: {debuggerAddress: localhost:52814}, javascriptEnabled: true, networkConnectionEnabled: false, pageLoadStrategy: normal, platform: WINDOWS, platformName: WINDOWS, proxy: Proxy(), se:cdp: ws://localhost:52814/devtoo..., se:cdpVersion: 100.0.4896.75, setWindowRect: true, strictFileInteractability: false, timeouts: {implicit: 0, pageLoad: 300000, script: 30000}, unhandledPromptBehavior: dismiss and notify, webauthn:extension:credBlob: true, webauthn:extension:largeBlob: true, webauthn:virtualAuthenticators: true}&#10;Element: [[ChromeDriver: chrome on WINDOWS (7d0aff37978d370eede26e699d069f69)] -&gt; css selector: body.bg-base:nth-child(2) div.render-container.render-route-store-product:nth-child(2) div.render-provider div.vtex-store__template.bg-base div.flex.flex-column.min-vh-100.w-100 div.vtex-product-context-provider div.flex.flex-column.min-vh-100.w-100 div.flex.flex-grow-1.w-100.flex-column div.vtex-flex-layout-0-x-flexRow.vtex-flex-layout-0-x-flexRow--pag-default section.vtex-store-components-3-x-container.ph3.ph5-m.ph2-xl.mw9.center div.flex.mt0.mb0.pt0.pb0.justify-start.vtex-flex-layout-0-x-flexRowContent.vtex-flex-layout-0-x-flexRowContent--pag-default.items-stretch.w-100 div.pr0.items-stretch.vtex-flex-layout-0-x-stretchChildrenWidth.flex div.vtex-flex-layout-0-x-flexCol.vtex-flex-layout-0-x-flexCol--pag-default.ml0.mr0.pl0.pr0.flex.flex-column.h-100.w-100 div.vtex-flex-layout-0-x-flexColChild.vtex-flex-layout-0-x-flexColChild--pag-default.pb0:nth-child(3) div.vtex-flex-layout-0-x-flexRow div.flex.mt4.mb7.pt0.pb7.justify-start.vtex-flex-layout-0-x-flexRowContent.items-stretch.w-100 div.pr0.items-stretch.vtex-flex-layout-0-x-stretchChildrenWidth.flex div.vtex-flex-layout-0-x-flexCol.vtex-flex-layout-0-x-flexCol--pdp-right-col.ml0.mr0.pl0.pr0.flex.flex-column.h-100.w-100 div.vtex-flex-layout-0-x-flexColChild.vtex-flex-layout-0-x-flexColChild--pdp-right-col.pb0:nth-child(8) div.vtex-flex-layout-0-x-flexRow.vtex-flex-layout-0-x-flexRow--navigation-comprar.vtex-flex-layout-0-x-flexRow--pdp-estructuraM div.flex.mt0.mb0.pt0.pb0.justify-start.vtex-flex-layout-0-x-flexRowContent.vtex-flex-layout-0-x-flexRowContent--navigation-comprar.vtex-flex-layout-0-x-flexRowContent--pdp-estructuraM.items-stretch.w-100 div.pr0.items-stretch.vtex-flex-layout-0-x-stretchChildrenWidth.flex div.vtex-flex-layout-0-x-flexRow.vtex-flex-layout-0-x-flexRow--row-two-buttons div.flex.mt4.mb4.pt0.pb0.justify-start.vtex-flex-layout-0-x-flexRowContent.vtex-flex-layout-0-x-flexRowContent--row-two-buttons.items-stretch.w-100 div.pr0.items-stretch.vtex-flex-layout-0-x-stretchChildrenWidth.flex div.vtex-flex-layout-0-x-flexCol.vtex-flex-layout-0-x-flexCol--buy-button-two.vtex-flex-layout-0-x-flexCol--pdp-estructuraM.ml0.mr0.pl0.pr0.flex.flex-column.h-100.w-100 div.vtex-flex-layout-0-x-flexColChild.vtex-flex-layout-0-x-flexColChild--buy-button-two.vtex-flex-layout-0-x-flexColChild--pdp-estructuraM.pb0 &gt; button.vtex-button.bw1.ba.fw5.v-mid.relative.pa0.lh-solid.br2.min-h-regular.t-action.bg-action-primary.b--action-primary.c-on-action-primary.hover-bg-action-primary.hover-b--action-primary.hover-c-on-action-primary.pointer.w-100]&#10;Session ID: 7d0aff37978d370eede26e699d069f69" type="org.openqa.selenium.ElementClickInterceptedException">org.openqa.selenium.ElementClickInterceptedException: element click intercepted: Element is not clickable at point (1197, 821)
  (Session info: chrome=100.0.4896.75)
Build info: version: '4.1.2', revision: '9a5a329c5a'
System info: host: 'DESKTOP-6KEC16J', ip: '192.168.56.1', os.name: 'Windows 10', os.arch: 'amd64', os.version: '10.0', java.version: '15.0.2'
Driver info: org.openqa.selenium.chrome.ChromeDriver
Command: [7d0aff37978d370eede26e699d069f69, clickElement {id=d0bd1004-489e-427c-97a2-44923e947807}]
Capabilities {acceptInsecureCerts: false, browserName: chrome, browserVersion: 100.0.4896.75, chrome: {chromedriverVersion: 100.0.4896.60 (6a5d10861ce8..., userDataDir: C:\Users\eduar\AppData\Loca...}, goog:chromeOptions: {debuggerAddress: localhost:52814}, javascriptEnabled: true, networkConnectionEnabled: false, pageLoadStrategy: normal, platform: WINDOWS, platformName: WINDOWS, proxy: Proxy(), se:cdp: ws://localhost:52814/devtoo..., se:cdpVersion: 100.0.4896.75, setWindowRect: true, strictFileInteractability: false, timeouts: {implicit: 0, pageLoad: 300000, script: 30000}, unhandledPromptBehavior: dismiss and notify, webauthn:extension:credBlob: true, webauthn:extension:largeBlob: true, webauthn:virtualAuthenticators: true}
Element: [[ChromeDriver: chrome on WINDOWS (7d0aff37978d370eede26e699d069f69)] -&gt; css selector: body.bg-base:nth-child(2) div.render-container.render-route-store-product:nth-child(2) div.render-provider div.vtex-store__template.bg-base div.flex.flex-column.min-vh-100.w-100 div.vtex-product-context-provider div.flex.flex-column.min-vh-100.w-100 div.flex.flex-grow-1.w-100.flex-column div.vtex-flex-layout-0-x-flexRow.vtex-flex-layout-0-x-flexRow--pag-default section.vtex-store-components-3-x-container.ph3.ph5-m.ph2-xl.mw9.center div.flex.mt0.mb0.pt0.pb0.justify-start.vtex-flex-layout-0-x-flexRowContent.vtex-flex-layout-0-x-flexRowContent--pag-default.items-stretch.w-100 div.pr0.items-stretch.vtex-flex-layout-0-x-stretchChildrenWidth.flex div.vtex-flex-layout-0-x-flexCol.vtex-flex-layout-0-x-flexCol--pag-default.ml0.mr0.pl0.pr0.flex.flex-column.h-100.w-100 div.vtex-flex-layout-0-x-flexColChild.vtex-flex-layout-0-x-flexColChild--pag-default.pb0:nth-child(3) div.vtex-flex-layout-0-x-flexRow div.flex.mt4.mb7.pt0.pb7.justify-start.vtex-flex-layout-0-x-flexRowContent.items-stretch.w-100 div.pr0.items-stretch.vtex-flex-layout-0-x-stretchChildrenWidth.flex div.vtex-flex-layout-0-x-flexCol.vtex-flex-layout-0-x-flexCol--pdp-right-col.ml0.mr0.pl0.pr0.flex.flex-column.h-100.w-100 div.vtex-flex-layout-0-x-flexColChild.vtex-flex-layout-0-x-flexColChild--pdp-right-col.pb0:nth-child(8) div.vtex-flex-layout-0-x-flexRow.vtex-flex-layout-0-x-flexRow--navigation-comprar.vtex-flex-layout-0-x-flexRow--pdp-estructuraM div.flex.mt0.mb0.pt0.pb0.justify-start.vtex-flex-layout-0-x-flexRowContent.vtex-flex-layout-0-x-flexRowContent--navigation-comprar.vtex-flex-layout-0-x-flexRowContent--pdp-estructuraM.items-stretch.w-100 div.pr0.items-stretch.vtex-flex-layout-0-x-stretchChildrenWidth.flex div.vtex-flex-layout-0-x-flexRow.vtex-flex-layout-0-x-flexRow--row-two-buttons div.flex.mt4.mb4.pt0.pb0.justify-start.vtex-flex-layout-0-x-flexRowContent.vtex-flex-layout-0-x-flexRowContent--row-two-buttons.items-stretch.w-100 div.pr0.items-stretch.vtex-flex-layout-0-x-stretchChildrenWidth.flex div.vtex-flex-layout-0-x-flexCol.vtex-flex-layout-0-x-flexCol--buy-button-two.vtex-flex-layout-0-x-flexCol--pdp-estructuraM.ml0.mr0.pl0.pr0.flex.flex-column.h-100.w-100 div.vtex-flex-layout-0-x-flexColChild.vtex-flex-layout-0-x-flexColChild--buy-button-two.vtex-flex-layout-0-x-flexColChild--pdp-estructuraM.pb0 &gt; button.vtex-button.bw1.ba.fw5.v-mid.relative.pa0.lh-solid.br2.min-h-regular.t-action.bg-action-primary.b--action-primary.c-on-action-primary.hover-bg-action-primary.hover-b--action-primary.hover-c-on-action-primary.pointer.w-100]
Session ID: 7d0aff37978d370eede26e699d069f69
	at java.base/jdk.internal.reflect.NativeConstructorAccessorImpl.newInstance0(Native Method)
	at java.base/jdk.internal.reflect.NativeConstructorAccessorImpl.newInstance(NativeConstructorAccessorImpl.java:64)
	at java.base/jdk.internal.reflect.DelegatingConstructorAccessorImpl.newInstance(DelegatingConstructorAccessorImpl.java:45)
	at java.base/java.lang.reflect.Constructor.newInstanceWithCaller(Constructor.java:500)
	at java.base/java.lang.reflect.Constructor.newInstance(Constructor.java:481)
	at org.openqa.selenium.remote.codec.w3c.W3CHttpResponseCodec.createException(W3CHttpResponseCodec.java:200)
	at org.openqa.selenium.remote.codec.w3c.W3CHttpResponseCodec.decode(W3CHttpResponseCodec.java:133)
	at org.openqa.selenium.remote.codec.w3c.W3CHttpResponseCodec.decode(W3CHttpResponseCodec.java:53)
	at org.openqa.selenium.remote.HttpCommandExecutor.execute(HttpCommandExecutor.java:184)
	at org.openqa.selenium.remote.service.DriverCommandExecutor.invokeExecute(DriverCommandExecutor.java:167)
	at org.openqa.selenium.remote.service.DriverCommandExecutor.execute(DriverCommandExecutor.java:142)
	at org.openqa.selenium.remote.RemoteWebDriver.execute(RemoteWebDriver.java:558)
	at org.openqa.selenium.remote.RemoteWebElement.execute(RemoteWebElement.java:251)
	at org.openqa.selenium.remote.RemoteWebElement.click(RemoteWebElement.java:77)
	at pages.BasePage.clickElementByCSS(BasePage.java:146)
	at pages.ProductosPage.clickBuyProduct(ProductosPage.java:216)
	at steps.ProductosSteps.botonComprar(ProductosSteps.java:49)
	at ✽.Doy click al boton comprar(file:///C:/Users/eduar/OneDrive/Escritorio/Grupo%20Consiti/QA/Selenium/SimanAutomatedQA/src/test/resources/features/Productos.feature:42)
</failure>
  </testcase>
  <testcase name="Probar metodo de pago por cuotas #2" classname="Compra de productos" time="51.516">
    <failure message="org.openqa.selenium.TimeoutException: Expected condition failed: waiting for visibility of element located by By.xpath: //*[@id='payment-group-SerfinsaPaymentGroup'] (tried for 20 second(s) with 500 milliseconds interval)&#10;Build info: version: '4.1.2', revision: '9a5a329c5a'&#10;System info: host: 'DESKTOP-6KEC16J', ip: '192.168.56.1', os.name: 'Windows 10', os.arch: 'amd64', os.version: '10.0', java.version: '15.0.2'&#10;Driver info: org.openqa.selenium.chrome.ChromeDriver&#10;Capabilities {acceptInsecureCerts: false, browserName: chrome, browserVersion: 100.0.4896.75, chrome: {chromedriverVersion: 100.0.4896.60 (6a5d10861ce8..., userDataDir: C:\Users\eduar\AppData\Loca...}, goog:chromeOptions: {debuggerAddress: localhost:52814}, javascriptEnabled: true, networkConnectionEnabled: false, pageLoadStrategy: normal, platform: WINDOWS, platformName: WINDOWS, proxy: Proxy(), se:cdp: ws://localhost:52814/devtoo..., se:cdpVersion: 100.0.4896.75, setWindowRect: true, strictFileInteractability: false, timeouts: {implicit: 0, pageLoad: 300000, script: 30000}, unhandledPromptBehavior: dismiss and notify, webauthn:extension:credBlob: true, webauthn:extension:largeBlob: true, webauthn:virtualAuthenticators: true}&#10;Session ID: 7d0aff37978d370eede26e699d069f69" type="org.openqa.selenium.TimeoutException">org.openqa.selenium.TimeoutException: Expected condition failed: waiting for visibility of element located by By.xpath: //*[@id='payment-group-SerfinsaPaymentGroup'] (tried for 20 second(s) with 500 milliseconds interval)
Build info: version: '4.1.2', revision: '9a5a329c5a'
System info: host: 'DESKTOP-6KEC16J', ip: '192.168.56.1', os.name: 'Windows 10', os.arch: 'amd64', os.version: '10.0', java.version: '15.0.2'
Driver info: org.openqa.selenium.chrome.ChromeDriver
Capabilities {acceptInsecureCerts: false, browserName: chrome, browserVersion: 100.0.4896.75, chrome: {chromedriverVersion: 100.0.4896.60 (6a5d10861ce8..., userDataDir: C:\Users\eduar\AppData\Loca...}, goog:chromeOptions: {debuggerAddress: localhost:52814}, javascriptEnabled: true, networkConnectionEnabled: false, pageLoadStrategy: normal, platform: WINDOWS, platformName: WINDOWS, proxy: Proxy(), se:cdp: ws://localhost:52814/devtoo..., se:cdpVersion: 100.0.4896.75, setWindowRect: true, strictFileInteractability: false, timeouts: {implicit: 0, pageLoad: 300000, script: 30000}, unhandledPromptBehavior: dismiss and notify, webauthn:extension:credBlob: true, webauthn:extension:largeBlob: true, webauthn:virtualAuthenticators: true}
Session ID: 7d0aff37978d370eede26e699d069f69
	at org.openqa.selenium.support.ui.WebDriverWait.timeoutException(WebDriverWait.java:138)
	at org.openqa.selenium.support.ui.FluentWait.until(FluentWait.java:231)
	at pages.BasePage.find(BasePage.java:63)
	at pages.BasePage.clickElement(BasePage.java:67)
	at pages.ProductosPage.clickPagoPorCuotas(ProductosPage.java:119)
	at steps.ProductosSteps.pagoCuotas(ProductosSteps.java:90)
	at ✽.Elijo metodo de pago por cuotas(file:///C:/Users/eduar/OneDrive/Escritorio/Grupo%20Consiti/QA/Selenium/SimanAutomatedQA/src/test/resources/features/Productos.feature:44)
</failure>
  </testcase>
  <testcase name="Probar metodo de pago por cuotas #3" classname="Compra de productos" time="17.72">
    <failure message="org.openqa.selenium.ElementClickInterceptedException: element click intercepted: Element is not clickable at point (1197, 721)&#10;  (Session info: chrome=100.0.4896.75)&#10;Build info: version: '4.1.2', revision: '9a5a329c5a'&#10;System info: host: 'DESKTOP-6KEC16J', ip: '192.168.56.1', os.name: 'Windows 10', os.arch: 'amd64', os.version: '10.0', java.version: '15.0.2'&#10;Driver info: org.openqa.selenium.chrome.ChromeDriver&#10;Command: [7d0aff37978d370eede26e699d069f69, clickElement {id=f82c0a82-6f48-4227-bdd0-63758c73783c}]&#10;Capabilities {acceptInsecureCerts: false, browserName: chrome, browserVersion: 100.0.4896.75, chrome: {chromedriverVersion: 100.0.4896.60 (6a5d10861ce8..., userDataDir: C:\Users\eduar\AppData\Loca...}, goog:chromeOptions: {debuggerAddress: localhost:52814}, javascriptEnabled: true, networkConnectionEnabled: false, pageLoadStrategy: normal, platform: WINDOWS, platformName: WINDOWS, proxy: Proxy(), se:cdp: ws://localhost:52814/devtoo..., se:cdpVersion: 100.0.4896.75, setWindowRect: true, strictFileInteractability: false, timeouts: {implicit: 0, pageLoad: 300000, script: 30000}, unhandledPromptBehavior: dismiss and notify, webauthn:extension:credBlob: true, webauthn:extension:largeBlob: true, webauthn:virtualAuthenticators: true}&#10;Element: [[ChromeDriver: chrome on WINDOWS (7d0aff37978d370eede26e699d069f69)] -&gt; css selector: body.bg-base:nth-child(2) div.render-container.render-route-store-product:nth-child(2) div.render-provider div.vtex-store__template.bg-base div.flex.flex-column.min-vh-100.w-100 div.vtex-product-context-provider div.flex.flex-column.min-vh-100.w-100 div.flex.flex-grow-1.w-100.flex-column div.vtex-flex-layout-0-x-flexRow.vtex-flex-layout-0-x-flexRow--pag-default section.vtex-store-components-3-x-container.ph3.ph5-m.ph2-xl.mw9.center div.flex.mt0.mb0.pt0.pb0.justify-start.vtex-flex-layout-0-x-flexRowContent.vtex-flex-layout-0-x-flexRowContent--pag-default.items-stretch.w-100 div.pr0.items-stretch.vtex-flex-layout-0-x-stretchChildrenWidth.flex div.vtex-flex-layout-0-x-flexCol.vtex-flex-layout-0-x-flexCol--pag-default.ml0.mr0.pl0.pr0.flex.flex-column.h-100.w-100 div.vtex-flex-layout-0-x-flexColChild.vtex-flex-layout-0-x-flexColChild--pag-default.pb0:nth-child(3) div.vtex-flex-layout-0-x-flexRow div.flex.mt4.mb7.pt0.pb7.justify-start.vtex-flex-layout-0-x-flexRowContent.items-stretch.w-100 div.pr0.items-stretch.vtex-flex-layout-0-x-stretchChildrenWidth.flex div.vtex-flex-layout-0-x-flexCol.vtex-flex-layout-0-x-flexCol--pdp-right-col.ml0.mr0.pl0.pr0.flex.flex-column.h-100.w-100 div.vtex-flex-layout-0-x-flexColChild.vtex-flex-layout-0-x-flexColChild--pdp-right-col.pb0:nth-child(8) div.vtex-flex-layout-0-x-flexRow.vtex-flex-layout-0-x-flexRow--navigation-comprar.vtex-flex-layout-0-x-flexRow--pdp-estructuraM div.flex.mt0.mb0.pt0.pb0.justify-start.vtex-flex-layout-0-x-flexRowContent.vtex-flex-layout-0-x-flexRowContent--navigation-comprar.vtex-flex-layout-0-x-flexRowContent--pdp-estructuraM.items-stretch.w-100 div.pr0.items-stretch.vtex-flex-layout-0-x-stretchChildrenWidth.flex div.vtex-flex-layout-0-x-flexRow.vtex-flex-layout-0-x-flexRow--row-two-buttons div.flex.mt4.mb4.pt0.pb0.justify-start.vtex-flex-layout-0-x-flexRowContent.vtex-flex-layout-0-x-flexRowContent--row-two-buttons.items-stretch.w-100 div.pr0.items-stretch.vtex-flex-layout-0-x-stretchChildrenWidth.flex div.vtex-flex-layout-0-x-flexCol.vtex-flex-layout-0-x-flexCol--buy-button-two.vtex-flex-layout-0-x-flexCol--pdp-estructuraM.ml0.mr0.pl0.pr0.flex.flex-column.h-100.w-100 div.vtex-flex-layout-0-x-flexColChild.vtex-flex-layout-0-x-flexColChild--buy-button-two.vtex-flex-layout-0-x-flexColChild--pdp-estructuraM.pb0 &gt; button.vtex-button.bw1.ba.fw5.v-mid.relative.pa0.lh-solid.br2.min-h-regular.t-action.bg-action-primary.b--action-primary.c-on-action-primary.hover-bg-action-primary.hover-b--action-primary.hover-c-on-action-primary.pointer.w-100]&#10;Session ID: 7d0aff37978d370eede26e699d069f69" type="org.openqa.selenium.ElementClickInterceptedException">org.openqa.selenium.ElementClickInterceptedException: element click intercepted: Element is not clickable at point (1197, 721)
  (Session info: chrome=100.0.4896.75)
Build info: version: '4.1.2', revision: '9a5a329c5a'
System info: host: 'DESKTOP-6KEC16J', ip: '192.168.56.1', os.name: 'Windows 10', os.arch: 'amd64', os.version: '10.0', java.version: '15.0.2'
Driver info: org.openqa.selenium.chrome.ChromeDriver
Command: [7d0aff37978d370eede26e699d069f69, clickElement {id=f82c0a82-6f48-4227-bdd0-63758c73783c}]
Capabilities {acceptInsecureCerts: false, browserName: chrome, browserVersion: 100.0.4896.75, chrome: {chromedriverVersion: 100.0.4896.60 (6a5d10861ce8..., userDataDir: C:\Users\eduar\AppData\Loca...}, goog:chromeOptions: {debuggerAddress: localhost:52814}, javascriptEnabled: true, networkConnectionEnabled: false, pageLoadStrategy: normal, platform: WINDOWS, platformName: WINDOWS, proxy: Proxy(), se:cdp: ws://localhost:52814/devtoo..., se:cdpVersion: 100.0.4896.75, setWindowRect: true, strictFileInteractability: false, timeouts: {implicit: 0, pageLoad: 300000, script: 30000}, unhandledPromptBehavior: dismiss and notify, webauthn:extension:credBlob: true, webauthn:extension:largeBlob: true, webauthn:virtualAuthenticators: true}
Element: [[ChromeDriver: chrome on WINDOWS (7d0aff37978d370eede26e699d069f69)] -&gt; css selector: body.bg-base:nth-child(2) div.render-container.render-route-store-product:nth-child(2) div.render-provider div.vtex-store__template.bg-base div.flex.flex-column.min-vh-100.w-100 div.vtex-product-context-provider div.flex.flex-column.min-vh-100.w-100 div.flex.flex-grow-1.w-100.flex-column div.vtex-flex-layout-0-x-flexRow.vtex-flex-layout-0-x-flexRow--pag-default section.vtex-store-components-3-x-container.ph3.ph5-m.ph2-xl.mw9.center div.flex.mt0.mb0.pt0.pb0.justify-start.vtex-flex-layout-0-x-flexRowContent.vtex-flex-layout-0-x-flexRowContent--pag-default.items-stretch.w-100 div.pr0.items-stretch.vtex-flex-layout-0-x-stretchChildrenWidth.flex div.vtex-flex-layout-0-x-flexCol.vtex-flex-layout-0-x-flexCol--pag-default.ml0.mr0.pl0.pr0.flex.flex-column.h-100.w-100 div.vtex-flex-layout-0-x-flexColChild.vtex-flex-layout-0-x-flexColChild--pag-default.pb0:nth-child(3) div.vtex-flex-layout-0-x-flexRow div.flex.mt4.mb7.pt0.pb7.justify-start.vtex-flex-layout-0-x-flexRowContent.items-stretch.w-100 div.pr0.items-stretch.vtex-flex-layout-0-x-stretchChildrenWidth.flex div.vtex-flex-layout-0-x-flexCol.vtex-flex-layout-0-x-flexCol--pdp-right-col.ml0.mr0.pl0.pr0.flex.flex-column.h-100.w-100 div.vtex-flex-layout-0-x-flexColChild.vtex-flex-layout-0-x-flexColChild--pdp-right-col.pb0:nth-child(8) div.vtex-flex-layout-0-x-flexRow.vtex-flex-layout-0-x-flexRow--navigation-comprar.vtex-flex-layout-0-x-flexRow--pdp-estructuraM div.flex.mt0.mb0.pt0.pb0.justify-start.vtex-flex-layout-0-x-flexRowContent.vtex-flex-layout-0-x-flexRowContent--navigation-comprar.vtex-flex-layout-0-x-flexRowContent--pdp-estructuraM.items-stretch.w-100 div.pr0.items-stretch.vtex-flex-layout-0-x-stretchChildrenWidth.flex div.vtex-flex-layout-0-x-flexRow.vtex-flex-layout-0-x-flexRow--row-two-buttons div.flex.mt4.mb4.pt0.pb0.justify-start.vtex-flex-layout-0-x-flexRowContent.vtex-flex-layout-0-x-flexRowContent--row-two-buttons.items-stretch.w-100 div.pr0.items-stretch.vtex-flex-layout-0-x-stretchChildrenWidth.flex div.vtex-flex-layout-0-x-flexCol.vtex-flex-layout-0-x-flexCol--buy-button-two.vtex-flex-layout-0-x-flexCol--pdp-estructuraM.ml0.mr0.pl0.pr0.flex.flex-column.h-100.w-100 div.vtex-flex-layout-0-x-flexColChild.vtex-flex-layout-0-x-flexColChild--buy-button-two.vtex-flex-layout-0-x-flexColChild--pdp-estructuraM.pb0 &gt; button.vtex-button.bw1.ba.fw5.v-mid.relative.pa0.lh-solid.br2.min-h-regular.t-action.bg-action-primary.b--action-primary.c-on-action-primary.hover-bg-action-primary.hover-b--action-primary.hover-c-on-action-primary.pointer.w-100]
Session ID: 7d0aff37978d370eede26e699d069f69
	at java.base/jdk.internal.reflect.NativeConstructorAccessorImpl.newInstance0(Native Method)
	at java.base/jdk.internal.reflect.NativeConstructorAccessorImpl.newInstance(NativeConstructorAccessorImpl.java:64)
	at java.base/jdk.internal.reflect.DelegatingConstructorAccessorImpl.newInstance(DelegatingConstructorAccessorImpl.java:45)
	at java.base/java.lang.reflect.Constructor.newInstanceWithCaller(Constructor.java:500)
	at java.base/java.lang.reflect.Constructor.newInstance(Constructor.java:481)
	at org.openqa.selenium.remote.codec.w3c.W3CHttpResponseCodec.createException(W3CHttpResponseCodec.java:200)
	at org.openqa.selenium.remote.codec.w3c.W3CHttpResponseCodec.decode(W3CHttpResponseCodec.java:133)
	at org.openqa.selenium.remote.codec.w3c.W3CHttpResponseCodec.decode(W3CHttpResponseCodec.java:53)
	at org.openqa.selenium.remote.HttpCommandExecutor.execute(HttpCommandExecutor.java:184)
	at org.openqa.selenium.remote.service.DriverCommandExecutor.invokeExecute(DriverCommandExecutor.java:167)
	at org.openqa.selenium.remote.service.DriverCommandExecutor.execute(DriverCommandExecutor.java:142)
	at org.openqa.selenium.remote.RemoteWebDriver.execute(RemoteWebDriver.java:558)
	at org.openqa.selenium.remote.RemoteWebElement.execute(RemoteWebElement.java:251)
	at org.openqa.selenium.remote.RemoteWebElement.click(RemoteWebElement.java:77)
	at pages.BasePage.clickElementByCSS(BasePage.java:146)
	at pages.ProductosPage.clickBuyProduct(ProductosPage.java:216)
	at steps.ProductosSteps.botonComprar(ProductosSteps.java:49)
	at ✽.Doy click al boton comprar(file:///C:/Users/eduar/OneDrive/Escritorio/Grupo%20Consiti/QA/Selenium/SimanAutomatedQA/src/test/resources/features/Productos.feature:42)
</failure>
  </testcase>
  <testcase name="Probar metodo de pago por cuotas #4" classname="Compra de productos" time="44.192">
    <failure message="org.openqa.selenium.TimeoutException: Expected condition failed: waiting for visibility of element located by By.xpath: //*[@id='payment-group-SerfinsaPaymentGroup'] (tried for 20 second(s) with 500 milliseconds interval)&#10;Build info: version: '4.1.2', revision: '9a5a329c5a'&#10;System info: host: 'DESKTOP-6KEC16J', ip: '192.168.56.1', os.name: 'Windows 10', os.arch: 'amd64', os.version: '10.0', java.version: '15.0.2'&#10;Driver info: org.openqa.selenium.chrome.ChromeDriver&#10;Capabilities {acceptInsecureCerts: false, browserName: chrome, browserVersion: 100.0.4896.75, chrome: {chromedriverVersion: 100.0.4896.60 (6a5d10861ce8..., userDataDir: C:\Users\eduar\AppData\Loca...}, goog:chromeOptions: {debuggerAddress: localhost:52814}, javascriptEnabled: true, networkConnectionEnabled: false, pageLoadStrategy: normal, platform: WINDOWS, platformName: WINDOWS, proxy: Proxy(), se:cdp: ws://localhost:52814/devtoo..., se:cdpVersion: 100.0.4896.75, setWindowRect: true, strictFileInteractability: false, timeouts: {implicit: 0, pageLoad: 300000, script: 30000}, unhandledPromptBehavior: dismiss and notify, webauthn:extension:credBlob: true, webauthn:extension:largeBlob: true, webauthn:virtualAuthenticators: true}&#10;Session ID: 7d0aff37978d370eede26e699d069f69" type="org.openqa.selenium.TimeoutException">org.openqa.selenium.TimeoutException: Expected condition failed: waiting for visibility of element located by By.xpath: //*[@id='payment-group-SerfinsaPaymentGroup'] (tried for 20 second(s) with 500 milliseconds interval)
Build info: version: '4.1.2', revision: '9a5a329c5a'
System info: host: 'DESKTOP-6KEC16J', ip: '192.168.56.1', os.name: 'Windows 10', os.arch: 'amd64', os.version: '10.0', java.version: '15.0.2'
Driver info: org.openqa.selenium.chrome.ChromeDriver
Capabilities {acceptInsecureCerts: false, browserName: chrome, browserVersion: 100.0.4896.75, chrome: {chromedriverVersion: 100.0.4896.60 (6a5d10861ce8..., userDataDir: C:\Users\eduar\AppData\Loca...}, goog:chromeOptions: {debuggerAddress: localhost:52814}, javascriptEnabled: true, networkConnectionEnabled: false, pageLoadStrategy: normal, platform: WINDOWS, platformName: WINDOWS, proxy: Proxy(), se:cdp: ws://localhost:52814/devtoo..., se:cdpVersion: 100.0.4896.75, setWindowRect: true, strictFileInteractability: false, timeouts: {implicit: 0, pageLoad: 300000, script: 30000}, unhandledPromptBehavior: dismiss and notify, webauthn:extension:credBlob: true, webauthn:extension:largeBlob: true, webauthn:virtualAuthenticators: true}
Session ID: 7d0aff37978d370eede26e699d069f69
	at org.openqa.selenium.support.ui.WebDriverWait.timeoutException(WebDriverWait.java:138)
	at org.openqa.selenium.support.ui.FluentWait.until(FluentWait.java:231)
	at pages.BasePage.find(BasePage.java:63)
	at pages.BasePage.clickElement(BasePage.java:67)
	at pages.ProductosPage.clickPagoPorCuotas(ProductosPage.java:119)
	at steps.ProductosSteps.pagoCuotas(ProductosSteps.java:90)
	at ✽.Elijo metodo de pago por cuotas(file:///C:/Users/eduar/OneDrive/Escritorio/Grupo%20Consiti/QA/Selenium/SimanAutomatedQA/src/test/resources/features/Productos.feature:44)
</failure>
  </testcase>
  <system-out><![CDATA[]]></system-out>
  <system-err><![CDATA[SLF4J: Failed to load class "org.slf4j.impl.StaticLoggerBinder".
SLF4J: Defaulting to no-operation (NOP) logger implementation
SLF4J: See http://www.slf4j.org/codes.html#StaticLoggerBinder for further details.
Starting ChromeDriver 100.0.4896.60 (6a5d10861ce8de5fce22564658033b43cb7de047-refs/branch-heads/4896@{#875}) on port 59568
Only local connections are allowed.
Please see https://chromedriver.chromium.org/security-considerations for suggestions on keeping ChromeDriver safe.
ChromeDriver was started successfully.
abr. 07, 2022 4:40:40 P. M. org.openqa.selenium.remote.ProtocolHandshake createSession
INFO: Detected dialect: W3C
abr. 07, 2022 4:40:41 P. M. org.openqa.selenium.devtools.CdpVersionFinder findNearestMatch
WARNING: Unable to find an exact match for CDP version 100, so returning the closest version found: 97
abr. 07, 2022 4:40:41 P. M. org.openqa.selenium.devtools.CdpVersionFinder findNearestMatch
INFO: Found CDP implementation for version 100 of 97
]]></system-err>
</testsuite>
